2025/03/26 13:55:49 (INFO) (7f2563d2e5c0) ***Starting agent***
2025/03/26 13:55:49 (INFO) (7f2563d2e5c0) version 15.2.2.74
2025/03/26 13:55:49 (INFO) (7f2563d2e5c0) Encryption package version: OpenSSL 1.1.1n  15 Mar 2022
2025/03/26 13:55:49 (INFO) (7f2563d2e5c0) last modified: 2025-3-26 4:55:49 UTC
2025/03/26 13:55:49 (WARNING) (7f2563d2e5c0) The hostname or IP of the Time Server has not been configured. Please configure the Time Synchronization first.
2025/03/26 13:55:49 (INFO) (7f2563d2e5c0) Agent enrollment initiated.
2025/03/26 13:55:49 (INFO) (7f2563d2e5c0) RestEnrollmentController: ** Rest Enrollment started  **
2025/03/26 13:55:49 (INFO) (7f2563d2e5c0) CurlHttpClient::Get, ** cURL request started **
2025/03/26 13:55:49 (INFO) (7f2563d2e5c0) CurlHttpClient::SendRequest, cURL calling endpoint: [ https://A008034.mobicontrol.cloud:443/enrollment/linux/discovery/708f4a73-dc6f-4c69-a9e3-e9544cfcd920 ]
2025/03/26 13:55:50 (INFO) (7f2563d2e5c0) CurlHttpClient::SendRequest, cURL Response Code: 200
2025/03/26 13:55:50 (INFO) (7f2563d2e5c0) CurlHttpClient::Get, ** cURL request finished **
2025/03/26 13:55:50 (INFO) (7f2563d2e5c0) CurlHttpClient::Get, ** cURL request started **
2025/03/26 13:55:50 (INFO) (7f2563d2e5c0) CurlHttpClient::SendRequest, cURL calling endpoint: [ https://a008034.mobicontrol.cloud:443/mc/duas/oauth/2.0/policies/7fec0ce0-d4d5-4d42-ae11-28a364f8a686/authmode ]
2025/03/26 13:55:50 (INFO) (7f2563d2e5c0) CurlHttpClient::SendRequest, cURL Response Code: 200
2025/03/26 13:55:50 (INFO) (7f2563d2e5c0) CurlHttpClient::Get, ** cURL request finished **
2025/03/26 13:55:50 (INFO) (7f2563d2e5c0) CurlHttpClient::Post, ** cURL request started **
2025/03/26 13:55:50 (INFO) (7f2563d2e5c0) CurlHttpClient::SendRequest, cURL calling endpoint: [ https://a008034.mobicontrol.cloud:443/mc/duas/oauth/2.0/token ]
2025/03/26 13:55:50 (INFO) (7f2563d2e5c0) CurlHttpClient::SendRequest, cURL Response Code: 200
2025/03/26 13:55:50 (INFO) (7f2563d2e5c0) CurlHttpClient::Post, ** cURL request finished **
2025/03/26 13:55:50 (INFO) (7f2563d2e5c0) interface lo

2025/03/26 13:55:50 (INFO) (7f2563d2e5c0) interface wlp0s20f3

2025/03/26 13:55:50 (INFO) (7f2563d2e5c0) CurlHttpClient::Post, ** cURL request started **
2025/03/26 13:55:50 (INFO) (7f2563d2e5c0) CurlHttpClient::SendRequest, cURL calling endpoint: [ https://A008034.mobicontrol.cloud:443/enrollment/linux/enroll ]
2025/03/26 13:55:52 (INFO) (7f2563d2e5c0) CurlHttpClient::SendRequest, cURL Response Code: 200
2025/03/26 13:55:52 (INFO) (7f2563d2e5c0) CurlHttpClient::Post, ** cURL request finished **
2025/03/26 13:55:52 (INFO) (7f2563d2e5c0) Starting running script command: writeprivateprofstring Comm Cert "b0dcefe78380"
2025/03/26 13:55:52 (INFO) (7f2563d2e5c0) writeprivateprofstring executed successfully
2025/03/26 13:55:52 (INFO) (7f2563d2e5c0) Finished running script command: writeprivateprofstring Comm Cert "b0dcefe78380"
2025/03/26 13:55:52 (INFO) (7f2563d2e5c0) Starting running script command: writeprivateprofstring Comm CertId "MobiControl Intermediate CA.A24D45FFD38ECB47A3563590B05E1582"
2025/03/26 13:55:52 (INFO) (7f2563d2e5c0) writeprivateprofstring executed successfully
2025/03/26 13:55:52 (INFO) (7f2563d2e5c0) Finished running script command: writeprivateprofstring Comm CertId "MobiControl Intermediate CA.A24D45FFD38ECB47A3563590B05E1582"
2025/03/26 13:55:52 (INFO) (7f2563d2e5c0) Starting running script command: writeprivateprofstring Device EnrolledUserEmail
2025/03/26 13:55:52 (INFO) (7f2563d2e5c0) writeprivateprofstring executed successfully
2025/03/26 13:55:52 (INFO) (7f2563d2e5c0) Finished running script command: writeprivateprofstring Device EnrolledUserEmail
2025/03/26 13:55:52 (INFO) (7f2563d2e5c0) Starting running script command: writeprivateprofstring Device TCLink
2025/03/26 13:55:52 (INFO) (7f2563d2e5c0) writeprivateprofstring executed successfully
2025/03/26 13:55:52 (INFO) (7f2563d2e5c0) Finished running script command: writeprivateprofstring Device TCLink
2025/03/26 13:55:52 (INFO) (7f2563d2e5c0) Starting running script command: writeprivateprofstring Info TCFlag 0
2025/03/26 13:55:52 (INFO) (7f2563d2e5c0) writeprivateprofstring executed successfully
2025/03/26 13:55:52 (INFO) (7f2563d2e5c0) Finished running script command: writeprivateprofstring Info TCFlag 0
2025/03/26 13:55:52 (INFO) (7f2563d2e5c0) RestEnrollmentController: ** Rest Enrollment finished  **
2025/03/26 13:55:52 (INFO) (7f2563d2e5c0) Agent enrollment successful.
2025/03/26 13:55:52 (INFO) (7f2563d2e5c0) RestartScript: Device is connected to Network
2025/03/26 13:55:52 (INFO) (7f2563d2e5c0) RestartScript::Starting Restart Script
2025/03/26 13:55:52 (INFO) (7f2563d2e5c0) LinuxConnectionController: Start...
2025/03/26 13:55:52 (INFO) (7f2563d2e5c0) LinuxConnectionController: Run
2025/03/26 13:55:52 (INFO) (7f2563d2e5c0) LinuxConnectionController: ConnectToServer
2025/03/26 13:55:52 (INFO) (7f2563d2e5c0) LinuxConnectionController: Got server connection parameters:delay=30000,retries=2, use ssl=1
2025/03/26 13:55:52 (INFO) (7f2563d2e5c0) CommSecureSocket: Initializing SSL session: 1
2025/03/26 13:55:52 (INFO) (7f2563d2e5c0) LinuxConnectionController: Trying servers
2025/03/26 13:55:52 (INFO) (7f2563d2e5c0) LinuxConnectionController: Entering CONNECT with server priority 0
2025/03/26 13:55:52 (INFO) (7f2563d2e5c0) LinuxConnectionController: Found Server Config: priority:0 index:1 name:A008034.mobicontrol.cloud:5494
2025/03/26 13:55:52 (INFO) (7f2563d2e5c0) LinuxConnectionController: Connecting to server "A008034.mobicontrol.cloud:5494"
2025/03/26 13:55:52 (INFO) (7f2563d2e5c0) SocketComm: Connect
2025/03/26 13:55:52 (INFO) (7f2563d2e5c0) CommSecureSocket: Connect
2025/03/26 13:55:52 (INFO) (7f2563d2e5c0) CommSecureSocket: Starting Linux Setup
2025/03/26 13:55:52 (INFO) (7f2563d2e5c0) CertificateVerifyCallBack: Server certificate verification successful
2025/03/26 13:55:52 (INFO) (7f2563d2e5c0) CertificateVerifyCallBack: Server (A008034.mobicontrol.cloud:5494) certificate is trusted, because it is signed by one of the stored root CAs and the hostname is verified.
2025/03/26 13:55:52 (INFO) (7f2563d2e5c0) CertificateVerifyCallBack: Server certificate verification successful
2025/03/26 13:55:52 (INFO) (7f2563d2e5c0) CertificateVerifyCallBack: Server (A008034.mobicontrol.cloud:5494) certificate is trusted, because it is signed by one of the stored root CAs and the hostname is verified.
2025/03/26 13:55:52 (INFO) (7f2563d2e5c0) SSL: OpenSSL connected(TLSv1.2)
2025/03/26 13:55:52 (INFO) (7f2563d2e5c0) LinuxConnectionController: Device connected to network
2025/03/26 13:55:52 (INFO) (7f2563d2e5c0) LinuxConnectionController: Connected to server "A008034.mobicontrol.cloud:5494"
2025/03/26 13:55:52 (INFO) (7f2563d2e5c0) LinuxConnectionController: Sent server ping message.
2025/03/26 13:55:52 (INFO) (7f2563d2e5c0) Sending ping ack
2025/03/26 13:55:52 (INFO) (7f2563d2e5c0) LinuxConnectionController: Received initial server ping successfully
2025/03/26 13:55:52 (INFO) (7f2563d2e5c0) LinuxConnectionController: ClearSnapshot
2025/03/26 13:55:52 (INFO) (7f2563d2e5c0) LinuxConnectionController: Sending device snapshot
2025/03/26 13:55:52 (INFO) (7f2563d2e5c0) interface lo

2025/03/26 13:55:52 (INFO) (7f2563d2e5c0) interface wlp0s20f3

2025/03/26 13:55:52 (INFO) (7f2563d2e5c0) Creating partial snapshot (ID=1)

2025/03/26 13:55:52 (INFO) (7f2563d2a640) PackageManager::ListInstalledPackages() Use low-level package manager: [dpkg] to get installed packages
2025/03/26 13:55:52 (INFO) (7f2563d2e5c0) LinuxConnectionController: Sent device snapshot successfully
2025/03/26 13:55:52 (INFO) (7f2563d2e5c0) DeviceConfigMsgProcessor: Settings Header: LocateTimeout=45000;DMA="A008034.mobicontrol.cloud";Pulse=60000;DeploySvr1="A008034.mobicontrol.cloud";DSVer="15.6.1";
2025/03/26 13:55:52 (INFO) (7f2563d2e5c0) DeviceConfigMsgProcessor::SetPulseTimeout
2025/03/26 13:55:52 (INFO) (7f2563d2e5c0) DeviceConfigMsgProcessor: Set pulse timeout:60000
2025/03/26 13:55:52 (INFO) (7f2563d2e5c0) DeviceConfigMsgProcessor::WriteDeviceId
2025/03/26 13:55:52 (INFO) (7f2563d2e5c0) DeviceConfigMsgProcessor::SynchronizeTime params: LocateTimeout=45000;DMA="A008034.mobicontrol.cloud";Pulse=60000;DeploySvr1="A008034.mobicontrol.cloud";DSVer="15.6.1";
2025/03/26 13:55:52 (INFO) (7f2563d2e5c0) DeviceConfigMsgProcessor::WriteDeviceName
2025/03/26 13:55:52 (INFO) (7f2563d2e5c0) DeviceConfigMsgProcessor::WriteDeviceClass
2025/03/26 13:55:52 (INFO) (7f2563d2e5c0) DeviceConfigMsgProcessor::WriteServerVersion
2025/03/26 13:55:52 (INFO) (7f2563d2e5c0) DeviceConfigMsgProcessor::WriteCatalogUrl
2025/03/26 13:55:52 (INFO) (7f2563d2e5c0) DeviceConfigMsgProcessor::WriteTermsAndConditionsInfo
2025/03/26 13:55:52 (INFO) (7f2563d2e5c0) DeviceConfigMsgProcessor::WriteConnectionInfo
2025/03/26 13:55:52 (INFO) (7f2563d2e5c0) DeviceConfigMsgProcessor: Making backup of server configurations
2025/03/26 13:55:52 (INFO) (7f2563d2e5c0) DeviceConfigMsgProcessor: Deleting primary server list
2025/03/26 13:55:52 (INFO) (7f2563d2e5c0) DeviceConfigMsgProcessor: Writing new connection section into configuration file
2025/03/26 13:55:52 (WARNING) (7f2563d2e5c0) DeviceConfigMsgProcessor: Could not get servers from CDeviceConfigMsg
2025/03/26 13:55:52 (WARNING) (7f2563d2e5c0) DeviceConfigMsgProcessor: Could not get servers from CDeviceConfigMsg
2025/03/26 13:55:53 (INFO) (7f2563d2e5c0) Starting running script command: writeprivateprofstring Info Ver 1
2025/03/26 13:55:53 (INFO) (7f2563d2e5c0) writeprivateprofstring executed successfully
2025/03/26 13:55:53 (INFO) (7f2563d2e5c0) Finished running script command: writeprivateprofstring Info Ver 1
2025/03/26 13:55:53 (INFO) (7f2563d2e5c0) Starting running script command: writeprivateprofstring CustomData
2025/03/26 13:55:53 (INFO) (7f2563d2e5c0) writeprivateprofstring executed successfully
2025/03/26 13:55:53 (INFO) (7f2563d2e5c0) Finished running script command: writeprivateprofstring CustomData
2025/03/26 13:55:53 (INFO) (7f2563d2e5c0) Starting running script command: writeprivateprofstring CustomData "hostname" "STDOUT://hostname"
2025/03/26 13:55:53 (INFO) (7f2563d2e5c0) writeprivateprofstring executed successfully
2025/03/26 13:55:53 (INFO) (7f2563d2e5c0) Finished running script command: writeprivateprofstring CustomData "hostname" "STDOUT://hostname"
2025/03/26 13:55:53 (INFO) (7f2563d2e5c0) Starting running script command: writeprivateprofstring CustomData "model" "STDOUT://dmidecode --type system | grep -i product | awk '{print $3}'"
2025/03/26 13:55:53 (INFO) (7f2563d2e5c0) writeprivateprofstring executed successfully
2025/03/26 13:55:53 (INFO) (7f2563d2e5c0) Finished running script command: writeprivateprofstring CustomData "model" "STDOUT://dmidecode --type system | grep -i product | awk '{print $3}'"
2025/03/26 13:55:53 (INFO) (7f2563d2e5c0) Starting running script command: writeprivateprofstring CustomData "serial" "STDOUT://dmidecode --type system | grep -i serial | awk '{print $3}'"
2025/03/26 13:55:53 (INFO) (7f2563d2e5c0) writeprivateprofstring executed successfully
2025/03/26 13:55:53 (INFO) (7f2563d2e5c0) Finished running script command: writeprivateprofstring CustomData "serial" "STDOUT://dmidecode --type system | grep -i serial | awk '{print $3}'"
2025/03/26 13:55:53 (INFO) (7f2563d2e5c0) Starting running script command: writeprivateprofstring CustomData "gpu" "STDOUT://lspci | grep -i nvidia"
2025/03/26 13:55:53 (INFO) (7f2563d2e5c0) writeprivateprofstring executed successfully
2025/03/26 13:55:53 (INFO) (7f2563d2e5c0) Finished running script command: writeprivateprofstring CustomData "gpu" "STDOUT://lspci | grep -i nvidia"
2025/03/26 13:55:53 (INFO) (7f2563d2e5c0) Starting running script command: writeprivateprofstring CustomData "who" "STDOUT://who | grep -v root | awk '{print $1}'"
2025/03/26 13:55:53 (INFO) (7f2563d2e5c0) writeprivateprofstring executed successfully
2025/03/26 13:55:53 (INFO) (7f2563d2e5c0) Finished running script command: writeprivateprofstring CustomData "who" "STDOUT://who | grep -v root | awk '{print $1}'"
2025/03/26 13:55:53 (INFO) (7f2563d2e5c0) Starting running script command: writeprivateprofstring CustomData "entering_sleep" "STDOUT:///usr/bin/journalctl --utc _COMM=systemd-sleep --output=short-full | /usr/bin/grep Entering | /usr/bin/awk '{print $2, $3}' | /usr/bin/sort -r |/usr/bin/tr "\n" ",""
2025/03/26 13:55:53 (INFO) (7f2563d2e5c0) writeprivateprofstring executed successfully
2025/03/26 13:55:53 (INFO) (7f2563d2e5c0) Finished running script command: writeprivateprofstring CustomData "entering_sleep" "STDOUT:///usr/bin/journalctl --utc _COMM=systemd-sleep --output=short-full | /usr/bin/grep Entering | /usr/bin/awk '{print $2, $3}' | /usr/bin/sort -r |/usr/bin/tr "\n" ",""
2025/03/26 13:55:53 (INFO) (7f2563d2e5c0) Starting running script command: writeprivateprofstring CustomData "boot" "STDOUT:///usr/bin/journalctl --utc --list-boots | /usr/bin/awk '{print $4, $5}' | /usr/bin/sort -r | /usr/bin/tr "\n" ",""
2025/03/26 13:55:53 (INFO) (7f2563d2e5c0) writeprivateprofstring executed successfully
2025/03/26 13:55:53 (INFO) (7f2563d2e5c0) Finished running script command: writeprivateprofstring CustomData "boot" "STDOUT:///usr/bin/journalctl --utc --list-boots | /usr/bin/awk '{print $4, $5}' | /usr/bin/sort -r | /usr/bin/tr "\n" ",""
2025/03/26 13:55:53 (INFO) (7f2563d2e5c0) Starting running script command: writeprivateprofstring CustomData "shutdown" "STDOUT:///usr/bin/journalctl --utc --list-boots | /usr/bin/sort | /usr/bin/sed '1d' |  /usr/bin/awk '{print $7, $8}' | /usr/bin/tr "\n" ",""
2025/03/26 13:55:53 (INFO) (7f2563d2e5c0) writeprivateprofstring executed successfully
2025/03/26 13:55:53 (INFO) (7f2563d2e5c0) Finished running script command: writeprivateprofstring CustomData "shutdown" "STDOUT:///usr/bin/journalctl --utc --list-boots | /usr/bin/sort | /usr/bin/sed '1d' |  /usr/bin/awk '{print $7, $8}' | /usr/bin/tr "\n" ",""
2025/03/26 13:55:53 (INFO) (7f2563d2e5c0) Starting running script command: writeprivateprofstring CustomData "returned_sleep" "STDOUT:///usr/bin/journalctl --utc _COMM=systemd-sleep --output=short-full | /usr/bin/grep returned | /usr/bin/awk '{print $2, $3}' | /usr/bin/sort -r | /usr/bin/tr "\n" ",""
2025/03/26 13:55:53 (INFO) (7f2563d2e5c0) writeprivateprofstring executed successfully
2025/03/26 13:55:53 (INFO) (7f2563d2e5c0) Finished running script command: writeprivateprofstring CustomData "returned_sleep" "STDOUT:///usr/bin/journalctl --utc _COMM=systemd-sleep --output=short-full | /usr/bin/grep returned | /usr/bin/awk '{print $2, $3}' | /usr/bin/sort -r | /usr/bin/tr "\n" ",""
2025/03/26 13:55:53 (INFO) (7f2563d2e5c0) Starting running script command: writeprivateprofstring Info CustID "10000080"
2025/03/26 13:55:53 (INFO) (7f2563d2e5c0) writeprivateprofstring executed successfully
2025/03/26 13:55:53 (INFO) (7f2563d2e5c0) Finished running script command: writeprivateprofstring Info CustID "10000080"
2025/03/26 13:55:53 (INFO) (7f2563d2e5c0) Starting running script command: writeprivateprofstring Logging
2025/03/26 13:55:53 (INFO) (7f2563d2e5c0) writeprivateprofstring executed successfully
2025/03/26 13:55:53 (INFO) (7f2563d2e5c0) Finished running script command: writeprivateprofstring Logging
2025/03/26 13:55:53 (INFO) (7f2563d2e5c0) Starting running script command: writeprivateprofstring Logging LogEnabled 0
2025/03/26 13:55:53 (INFO) (7f2563d2e5c0) writeprivateprofstring executed successfully
2025/03/26 13:55:53 (INFO) (7f2563d2e5c0) Finished running script command: writeprivateprofstring Logging LogEnabled 0
2025/03/26 13:55:53 (INFO) (7f2563d2e5c0) Starting running script command: writeprivateprofstring Logging CaptureEnabled 0
2025/03/26 13:55:53 (INFO) (7f2563d2e5c0) writeprivateprofstring executed successfully
2025/03/26 13:55:53 (INFO) (7f2563d2e5c0) Finished running script command: writeprivateprofstring Logging CaptureEnabled 0
2025/03/26 13:55:53 (INFO) (7f2563d2e5c0) Starting running script command: writeprivateprofstring Logging LogMinsize 204800
2025/03/26 13:55:53 (INFO) (7f2563d2e5c0) writeprivateprofstring executed successfully
2025/03/26 13:55:53 (INFO) (7f2563d2e5c0) Finished running script command: writeprivateprofstring Logging LogMinsize 204800
2025/03/26 13:55:53 (INFO) (7f2563d2e5c0) Starting running script command: writeprivateprofstring Logging LogMaxsize 819200
2025/03/26 13:55:53 (INFO) (7f2563d2e5c0) writeprivateprofstring executed successfully
2025/03/26 13:55:53 (INFO) (7f2563d2e5c0) Finished running script command: writeprivateprofstring Logging LogMaxsize 819200
2025/03/26 13:55:53 (INFO) (7f2563d2e5c0) Starting running script command: writeprivateprofstring Comm RetryDelay 30000
2025/03/26 13:55:53 (INFO) (7f2563d2e5c0) writeprivateprofstring executed successfully
2025/03/26 13:55:53 (INFO) (7f2563d2e5c0) Finished running script command: writeprivateprofstring Comm RetryDelay 30000
2025/03/26 13:55:53 (INFO) (7f2563d2e5c0) Starting running script command: writeprivateprofstring Comm ConnMode 0
2025/03/26 13:55:53 (INFO) (7f2563d2e5c0) writeprivateprofstring executed successfully
2025/03/26 13:55:53 (INFO) (7f2563d2e5c0) Finished running script command: writeprivateprofstring Comm ConnMode 0
2025/03/26 13:55:53 (INFO) (7f2563d2e5c0) Starting running script command: writeprivateprofstring Schedules
2025/03/26 13:55:53 (INFO) (7f2563d2e5c0) writeprivateprofstring executed successfully
2025/03/26 13:55:53 (INFO) (7f2563d2e5c0) Finished running script command: writeprivateprofstring Schedules
2025/03/26 13:55:53 (INFO) (7f2563d2e5c0) Starting running script command: writeprivateprofstring Info AdvSettingID "10000008"
2025/03/26 13:55:53 (INFO) (7f2563d2e5c0) writeprivateprofstring executed successfully
2025/03/26 13:55:53 (INFO) (7f2563d2e5c0) Finished running script command: writeprivateprofstring Info AdvSettingID "10000008"
2025/03/26 13:55:53 (INFO) (7f2563d2e5c0) Starting running script command: writeprivateprofstring DataCollection
2025/03/26 13:55:53 (INFO) (7f2563d2e5c0) writeprivateprofstring executed successfully
2025/03/26 13:55:53 (INFO) (7f2563d2e5c0) Finished running script command: writeprivateprofstring DataCollection
2025/03/26 13:55:53 (INFO) (7f2563d2e5c0) Starting running script command: writeprivateprofstring DataCollection "R6" "CS0=1;DEVH=400;DEVL=200;ITM='18,19,20';SEQ=0"
2025/03/26 13:55:53 (INFO) (7f2563d2e5c0) writeprivateprofstring executed successfully
2025/03/26 13:55:53 (INFO) (7f2563d2e5c0) Finished running script command: writeprivateprofstring DataCollection "R6" "CS0=1;DEVH=400;DEVL=200;ITM='18,19,20';SEQ=0"
2025/03/26 13:55:53 (INFO) (7f2563d2e5c0) Starting running script command: writeprivateprofstring DataCollection "S1" "128752992000000000,9223372036854775807,1800"
2025/03/26 13:55:53 (INFO) (7f2563d2e5c0) writeprivateprofstring executed successfully
2025/03/26 13:55:53 (INFO) (7f2563d2e5c0) Finished running script command: writeprivateprofstring DataCollection "S1" "128752992000000000,9223372036854775807,1800"
2025/03/26 13:55:53 (INFO) (7f2563d2e5c0) Starting running script command: writeprivateprofstring DataCollection "I18" "PT=0;EX=`STDOUT://hostname`"
2025/03/26 13:55:53 (INFO) (7f2563d2e5c0) writeprivateprofstring executed successfully
2025/03/26 13:55:53 (INFO) (7f2563d2e5c0) Finished running script command: writeprivateprofstring DataCollection "I18" "PT=0;EX=`STDOUT://hostname`"
2025/03/26 13:55:53 (INFO) (7f2563d2e5c0) Starting running script command: writeprivateprofstring DataCollection "I19" "PT=0;EX=`STDOUT://dmidecode --type system | grep -i product | awk '{print $3}'`"
2025/03/26 13:55:53 (INFO) (7f2563d2e5c0) writeprivateprofstring executed successfully
2025/03/26 13:55:53 (INFO) (7f2563d2e5c0) Finished running script command: writeprivateprofstring DataCollection "I19" "PT=0;EX=`STDOUT://dmidecode --type system | grep -i product | awk '{print $3}'`"
2025/03/26 13:55:53 (INFO) (7f2563d2e5c0) Starting running script command: writeprivateprofstring DataCollection "I20" "PT=0;EX=`STDOUT://dmidecode --type system | grep -i serial | awk '{print $3}'`"
2025/03/26 13:55:53 (INFO) (7f2563d2e5c0) writeprivateprofstring executed successfully
2025/03/26 13:55:53 (INFO) (7f2563d2e5c0) Finished running script command: writeprivateprofstring DataCollection "I20" "PT=0;EX=`STDOUT://dmidecode --type system | grep -i serial | awk '{print $3}'`"
2025/03/26 13:55:53 (INFO) (7f2563d2e5c0) Starting running script command: __reloadcollectionschedules
2025/03/26 13:55:53 (INFO) (7f2563d2e5c0) Finished running script command: __reloadcollectionschedules
2025/03/26 14:37:05 (INFO) (7f2563d2e5c0) interface lo

2025/03/26 14:37:05 (INFO) (7f2563d2e5c0) interface wlp0s20f3

2025/03/26 14:37:05 (INFO) (7f2563d2e5c0) Custom data:'hostname', value has been extracted successfully
2025/03/26 14:37:05 (INFO) (7f2563d2e5c0) Custom data:'model', value has been extracted successfully
2025/03/26 14:37:05 (INFO) (7f2563d2e5c0) Custom data:'serial', value has been extracted successfully
2025/03/26 14:37:07 (INFO) (7f2563d2e5c0) Custom data:'gpu', value has been extracted successfully
2025/03/26 14:37:07 (INFO) (7f2563d2e5c0) Custom data:'who', value has been extracted successfully
2025/03/26 14:37:08 (INFO) (7f2563d2e5c0) Custom data:'entering_sleep', value has been extracted successfully
2025/03/26 14:37:10 (INFO) (7f2563d2e5c0) Custom data:'boot', value has been extracted successfully
2025/03/26 14:37:10 (INFO) (7f2563d2e5c0) Custom data:'shutdown', value has been extracted successfully
2025/03/26 14:37:10 (INFO) (7f2563d2e5c0) Custom data:'returned_sleep', value has been extracted successfully
2025/03/26 14:37:10 (INFO) (7f2563d2e5c0) Creating partial snapshot (ID=2)

2025/03/26 14:37:10 (INFO) (7f25634d6640) PackageManager::ListInstalledPackages() Use low-level package manager: [dpkg] to get installed packages
2025/03/26 14:37:10 (INFO) (7f2563d2e5c0) Starting running script command: ScanForOSUpdate
2025/03/26 14:37:10 (INFO) (7f2563d2e5c0) Scanning for OS Update.
2025/03/26 14:37:13 (INFO) (7f2563d2e5c0) OS Update found, Available OS Update version:'24.04.2'
2025/03/26 14:37:13 (INFO) (7f2563d2e5c0) Finished running script command: ScanForOSUpdate
2025/03/26 14:37:15 (INFO) (7f2563d2e5c0) CBinaryDataMsg of type 7
2025/03/26 14:37:15 (INFO) (7f2563d2e5c0) Sending stats to DS
2025/03/26 14:37:31 (INFO) (7f2563d2e5c0) Authentication failed.
2025/03/26 14:37:31 (INFO) (7f2563d2e5c0) CBinaryDataMsg of type 13
